v ATLAS
# This file was created by ATLAS version 5.26.1.R on Wed Sep 16 15:54:58 2020.
#SSF 2.0 generic
##############################################################################
#                    Copyright (c) 1984 - 2018                               #
#                    Silvaco Inc. All rights reserved                        #
#                                                                            #
# This file format and the following Key are copyright Silvaco Inc.          #
# You may not use, this format or key without reproducing this message in    #
# full and obtaining express written permission from Silvaco Inc.            #
#                                                                            #
# To obtain such permission please contact: Silvaco Inc.                     #
#                                           support@silvaco.com              #
#                                                                            #
# KEY=SVC86hn7562asdx                       PROD=345                         #
##############################################################################
y 1 15
z 300
f 2 "anode" "cathode" 
p 6 2 601 20 3 602 21 
d -3.000000000e+000 -3.000000000e+000 -9.519983197e-014 0.000000000e+000 0.000000000e+000 9.519984423e-014 
d -2.900000000e+000 -2.900000000e+000 -9.383867933e-014 0.000000000e+000 0.000000000e+000 9.383859300e-014 
d -2.800000000e+000 -2.800000000e+000 -9.185712730e-014 0.000000000e+000 0.000000000e+000 9.185734215e-014 
d -2.700000000e+000 -2.700000000e+000 -8.900472070e-014 0.000000000e+000 0.000000000e+000 8.900465045e-014 
d -2.600000000e+000 -2.600000000e+000 -8.595465168e-014 0.000000000e+000 0.000000000e+000 8.595463456e-014 
d -2.500000000e+000 -2.500000000e+000 -8.369652946e-014 0.000000000e+000 0.000000000e+000 8.369664289e-014 
d -2.400000000e+000 -2.400000000e+000 -8.241167035e-014 0.000000000e+000 0.000000000e+000 8.241177511e-014 
d -2.300000000e+000 -2.300000000e+000 -8.171042479e-014 0.000000000e+000 0.000000000e+000 8.171043363e-014 
d -2.200000000e+000 -2.200000000e+000 -8.114618176e-014 0.000000000e+000 0.000000000e+000 8.114611999e-014 
d -2.100000000e+000 -2.100000000e+000 -8.022390054e-014 0.000000000e+000 0.000000000e+000 8.022392419e-014 
d -2.000000000e+000 -2.000000000e+000 -7.819808006e-014 0.000000000e+000 0.000000000e+000 7.819813852e-014 
d -1.900000000e+000 -1.900000000e+000 -7.429801096e-014 0.000000000e+000 0.000000000e+000 7.429801878e-014 
d -1.800000000e+000 -1.800000000e+000 -6.892831685e-014 0.000000000e+000 0.000000000e+000 6.892822518e-014 
d -1.700000000e+000 -1.700000000e+000 -6.367575233e-014 0.000000000e+000 0.000000000e+000 6.367577785e-014 
d -1.600000000e+000 -1.600000000e+000 -5.960092521e-014 0.000000000e+000 0.000000000e+000 5.960088902e-014 
d -1.500000000e+000 -1.500000000e+000 -5.690635794e-014 0.000000000e+000 0.000000000e+000 5.690624373e-014 
d -1.400000000e+000 -1.400000000e+000 -5.510453891e-014 0.000000000e+000 0.000000000e+000 5.510457680e-014 
d -1.300000000e+000 -1.300000000e+000 -5.314823865e-014 0.000000000e+000 0.000000000e+000 5.314825209e-014 
d -1.200000000e+000 -1.200000000e+000 -4.981280106e-014 0.000000000e+000 0.000000000e+000 4.981286471e-014 
d -1.100000000e+000 -1.100000000e+000 -4.567289334e-014 0.000000000e+000 0.000000000e+000 4.567289206e-014 
d -1.000000000e+000 -1.000000000e+000 -4.294921820e-014 0.000000000e+000 0.000000000e+000 4.294926677e-014 
d -9.000000000e-001 -9.000000000e-001 -4.173726779e-014 0.000000000e+000 0.000000000e+000 4.173728858e-014 
d -8.000000000e-001 -8.000000000e-001 -4.090820711e-014 0.000000000e+000 0.000000000e+000 4.090809098e-014 
d -7.000000000e-001 -7.000000000e-001 -3.900066123e-014 0.000000000e+000 0.000000000e+000 3.900067106e-014 
d -6.000000000e-001 -6.000000000e-001 -3.377550687e-014 0.000000000e+000 0.000000000e+000 3.377548340e-014 
d -5.000000000e-001 -5.000000000e-001 -2.572484051e-014 0.000000000e+000 0.000000000e+000 2.572488158e-014 
d -4.000000000e-001 -4.000000000e-001 -1.893964597e-014 0.000000000e+000 0.000000000e+000 1.893962464e-014 
d -3.000000000e-001 -3.000000000e-001 -1.502310080e-014 0.000000000e+000 0.000000000e+000 1.502315637e-014 
d -2.000000000e-001 -2.000000000e-001 -1.213260263e-014 0.000000000e+000 0.000000000e+000 1.213265884e-014 
d -1.000000000e-001 -1.000000000e-001 -6.393245231e-015 0.000000000e+000 0.000000000e+000 6.393245208e-015 
d -8.495655502e-016 -8.495655502e-016 -2.141685033e-021 0.000000000e+000 0.000000000e+000 -7.383720994e-020 
d 1.000000000e-001 1.000000000e-001 1.865446938e-014 0.000000000e+000 0.000000000e+000 -1.865447000e-014 
d 2.000000000e-001 2.000000000e-001 4.156918179e-013 0.000000000e+000 0.000000000e+000 -4.156918594e-013 
d 3.000000000e-001 3.000000000e-001 1.560423816e-011 0.000000000e+000 0.000000000e+000 -1.560423817e-011 
d 4.000000000e-001 4.000000000e-001 6.956335102e-010 0.000000000e+000 0.000000000e+000 -6.956335102e-010 
d 5.000000000e-001 5.000000000e-001 3.200523022e-008 0.000000000e+000 0.000000000e+000 -3.200523022e-008 
d 6.000000000e-001 6.000000000e-001 1.316242629e-006 0.000000000e+000 0.000000000e+000 -1.316242630e-006 
d 7.000000000e-001 7.000000000e-001 1.851559320e-005 0.000000000e+000 0.000000000e+000 -1.851559312e-005 
d 8.000000000e-001 8.000000000e-001 7.123124049e-005 0.000000000e+000 0.000000000e+000 -7.123124048e-005 
d 9.000000000e-001 9.000000000e-001 1.584518626e-004 0.000000000e+000 0.000000000e+000 -1.584518623e-004 
d 1.000000000e+000 1.000000000e+000 2.724075937e-004 0.000000000e+000 0.000000000e+000 -2.724075937e-004 
d 1.100000000e+000 1.100000000e+000 4.032189976e-004 0.000000000e+000 0.000000000e+000 -4.032189976e-004 
d 1.200000000e+000 1.200000000e+000 5.409773458e-004 0.000000000e+000 0.000000000e+000 -5.409773458e-004 
d 1.300000000e+000 1.300000000e+000 6.773694794e-004 0.000000000e+000 0.000000000e+000 -6.773694775e-004 
d 1.400000000e+000 1.400000000e+000 8.066450995e-004 0.000000000e+000 0.000000000e+000 -8.066451010e-004 
d 1.500000000e+000 1.500000000e+000 9.257001224e-004 0.000000000e+000 0.000000000e+000 -9.257001232e-004 
d 1.600000000e+000 1.600000000e+000 1.033449450e-003 0.000000000e+000 0.000000000e+000 -1.033449450e-003 
d 1.700000000e+000 1.700000000e+000 1.129980163e-003 0.000000000e+000 0.000000000e+000 -1.129980163e-003 
d 1.800000000e+000 1.800000000e+000 1.215929189e-003 0.000000000e+000 0.000000000e+000 -1.215929189e-003 
d 1.900000000e+000 1.900000000e+000 1.292157039e-003 0.000000000e+000 0.000000000e+000 -1.292157039e-003 
d 2.000000000e+000 2.000000000e+000 1.359595731e-003 0.000000000e+000 0.000000000e+000 -1.359595731e-003 
d 2.100000000e+000 2.100000000e+000 1.419170643e-003 0.000000000e+000 0.000000000e+000 -1.419170643e-003 
d 2.200000000e+000 2.200000000e+000 1.471754008e-003 0.000000000e+000 0.000000000e+000 -1.471754008e-003 
d 2.300000000e+000 2.300000000e+000 1.518137343e-003 0.000000000e+000 0.000000000e+000 -1.518137343e-003 
d 2.400000000e+000 2.400000000e+000 1.559018994e-003 0.000000000e+000 0.000000000e+000 -1.559018994e-003 
d 2.500000000e+000 2.500000000e+000 1.595004337e-003 0.000000000e+000 0.000000000e+000 -1.595004337e-003 
d 2.600000000e+000 2.600000000e+000 1.626615571e-003 0.000000000e+000 0.000000000e+000 -1.626615571e-003 
d 2.700000000e+000 2.700000000e+000 1.654307302e-003 0.000000000e+000 0.000000000e+000 -1.654307302e-003 
d 2.800000000e+000 2.800000000e+000 1.678483325e-003 0.000000000e+000 0.000000000e+000 -1.678483325e-003 
d 2.900000000e+000 2.900000000e+000 1.699510409e-003 0.000000000e+000 0.000000000e+000 -1.699510409e-003 
d 3.000000000e+000 3.000000000e+000 1.717727413e-003 0.000000000e+000 0.000000000e+000 -1.717727413e-003 
